[info ] 2015-06-19 15:20:56: Print the configuration:
[info ] 2015-06-19 15:20:56: in_data_path = ../data/CompLog.con
[info ] 2015-06-19 15:20:56: xtp_xml_path = packages.xml
[debug] 2015-06-19 15:20:56: open file ../data/CompLog.con
[debug] 2015-06-19 15:20:56: reading package ID[0]
[debug] 2015-06-19 15:20:56: current package size: 83
[debug] 2015-06-19 15:20:56: contentLen: 15
[debug] 2015-06-19 15:20:56: 
[debug] 2015-06-19 15:20:56: Package Header
[debug] 2015-06-19 15:20:56: ------------------------------
[debug] 2015-06-19 15:20:56: Type: 0x50
[debug] 2015-06-19 15:20:56: Chain: 0x4c
[debug] 2015-06-19 15:20:56: FTType: 0x57
[debug] 2015-06-19 15:20:56: ContentLength: 0x000f[ dec = 15 ]
[debug] 2015-06-19 15:20:56: SubjectID: 0x00011001
[debug] 2015-06-19 15:20:56: Tid: 0x00005002
[debug] 2015-06-19 15:20:56: CommPhaseNo: 11804
[debug] 2015-06-19 15:20:56: SequenceNo: 1
[debug] 2015-06-19 15:20:56: FrontSeqNo: 0
[debug] 2015-06-19 15:20:56: RequestID: 0
[debug] 2015-06-19 15:20:56: SessionID: 0
[debug] 2015-06-19 15:20:56: FrontID: 0
[debug] 2015-06-19 15:20:56: GroupID: 62842
[debug] 2015-06-19 15:20:56: OldSubjectID: 0x00002000
[debug] 2015-06-19 15:20:56: ConvergenceID: 0x551ca81a
[debug] 2015-06-19 15:20:56: OldSequenceNo: 1
[debug] 2015-06-19 15:20:56: PubNodeID: 4354
[debug] 2015-06-19 15:20:56: RiskID: 0
[debug] 2015-06-19 15:20:56: MatchID: 0
[debug] 2015-06-19 15:20:56: ErrorID: 0
[debug] 2015-06-19 15:20:56: ------------------------------
[debug] 2015-06-19 15:20:56: [20120425]
[debug] 2015-06-19 15:20:56: [11804]
[debug] 2015-06-19 15:20:56: 
[debug] 2015-06-19 15:20:56: open file ../data/CompLog.con
[debug] 2015-06-19 15:20:56: reading package ID[1]
[debug] 2015-06-19 15:20:56: current package size: 90
[debug] 2015-06-19 15:20:56: contentLen: 22
[debug] 2015-06-19 15:20:56: 
[debug] 2015-06-19 15:20:56: Package Header
[debug] 2015-06-19 15:20:56: ------------------------------
[debug] 2015-06-19 15:20:56: Type: 0x50
[debug] 2015-06-19 15:20:56: Chain: 0x4c
[debug] 2015-06-19 15:20:56: FTType: 0x57
[debug] 2015-06-19 15:20:56: ContentLength: 0x0016[ dec = 22 ]
[debug] 2015-06-19 15:20:56: SubjectID: 0x00011001
[debug] 2015-06-19 15:20:56: Tid: 0x00006001
[debug] 2015-06-19 15:20:56: CommPhaseNo: 11804
[debug] 2015-06-19 15:20:56: SequenceNo: 2
[debug] 2015-06-19 15:20:56: FrontSeqNo: 0
[debug] 2015-06-19 15:20:56: RequestID: 0
[debug] 2015-06-19 15:20:56: SessionID: 0
[debug] 2015-06-19 15:20:56: FrontID: 0
[debug] 2015-06-19 15:20:56: GroupID: 62842
[debug] 2015-06-19 15:20:56: OldSubjectID: 0x00002000
[debug] 2015-06-19 15:20:56: ConvergenceID: 0x551ca81a
[debug] 2015-06-19 15:20:56: OldSequenceNo: 2
[debug] 2015-06-19 15:20:56: PubNodeID: 4354
[debug] 2015-06-19 15:20:56: RiskID: 0
[debug] 2015-06-19 15:20:56: MatchID: 0
[debug] 2015-06-19 15:20:56: ErrorID: 0
[debug] 2015-06-19 15:20:56: ------------------------------
[debug] 2015-06-19 15:20:56: [20120425]
[debug] 2015-06-19 15:20:56: [CFFEX]
[debug] 2015-06-19 15:20:56: 
[debug] 2015-06-19 15:20:56: open file ../data/CompLog.con
[debug] 2015-06-19 15:20:56: reading package ID[2871]
[debug] 2015-06-19 15:20:56: current package size: 90
[debug] 2015-06-19 15:20:56: contentLen: 22
[debug] 2015-06-19 15:20:56: 
[debug] 2015-06-19 15:20:56: Package Header
[debug] 2015-06-19 15:20:56: ------------------------------
[debug] 2015-06-19 15:20:56: Type: 0x50
[debug] 2015-06-19 15:20:56: Chain: 0x4c
[debug] 2015-06-19 15:20:56: FTType: 0x57
[debug] 2015-06-19 15:20:56: ContentLength: 0x0016[ dec = 22 ]
[debug] 2015-06-19 15:20:56: SubjectID: 0x00011001
[debug] 2015-06-19 15:20:56: Tid: 0x00006002
[debug] 2015-06-19 15:20:56: CommPhaseNo: 11804
[debug] 2015-06-19 15:20:56: SequenceNo: 2872
[debug] 2015-06-19 15:20:56: FrontSeqNo: 0
[debug] 2015-06-19 15:20:56: RequestID: 0
[debug] 2015-06-19 15:20:56: SessionID: 0
[debug] 2015-06-19 15:20:56: FrontID: 0
[debug] 2015-06-19 15:20:56: GroupID: 62842
[debug] 2015-06-19 15:20:56: OldSubjectID: 0x00002000
[debug] 2015-06-19 15:20:56: ConvergenceID: 0x551ca81a
[debug] 2015-06-19 15:20:56: OldSequenceNo: 2868
[debug] 2015-06-19 15:20:56: PubNodeID: 4354
[debug] 2015-06-19 15:20:56: RiskID: 0
[debug] 2015-06-19 15:20:56: MatchID: 0
[debug] 2015-06-19 15:20:56: ErrorID: 0
[debug] 2015-06-19 15:20:56: ------------------------------
[debug] 2015-06-19 15:20:56: [20120425]
[debug] 2015-06-19 15:20:56: [CFFEX]
[debug] 2015-06-19 15:20:56: 
[debug] 2015-06-19 15:20:56: open file ../data/CompLog.con
[debug] 2015-06-19 15:20:56: reading package ID[2872]
[debug] 2015-06-19 15:20:56: current package size: 94
[debug] 2015-06-19 15:20:56: contentLen: 26
[debug] 2015-06-19 15:20:56: 
[debug] 2015-06-19 15:20:56: Package Header
[debug] 2015-06-19 15:20:56: ------------------------------
[debug] 2015-06-19 15:20:56: Type: 0x50
[debug] 2015-06-19 15:20:56: Chain: 0x4c
[debug] 2015-06-19 15:20:56: FTType: 0x57
[debug] 2015-06-19 15:20:56: ContentLength: 0x001a[ dec = 26 ]
[debug] 2015-06-19 15:20:56: SubjectID: 0x00011001
[debug] 2015-06-19 15:20:56: Tid: 0x00007001
[debug] 2015-06-19 15:20:56: CommPhaseNo: 11804
[debug] 2015-06-19 15:20:56: SequenceNo: 2873
[debug] 2015-06-19 15:20:56: FrontSeqNo: 0
[debug] 2015-06-19 15:20:56: RequestID: 0
[debug] 2015-06-19 15:20:56: SessionID: 0
[debug] 2015-06-19 15:20:56: FrontID: 0
[debug] 2015-06-19 15:20:56: GroupID: 62842
[debug] 2015-06-19 15:20:56: OldSubjectID: 0x00002000
[debug] 2015-06-19 15:20:56: ConvergenceID: 0x551ca81a
[debug] 2015-06-19 15:20:56: OldSequenceNo: 2869
[debug] 2015-06-19 15:20:56: PubNodeID: 4354
[debug] 2015-06-19 15:20:56: RiskID: 0
[debug] 2015-06-19 15:20:56: MatchID: 0
[debug] 2015-06-19 15:20:56: ErrorID: 0
[debug] 2015-06-19 15:20:56: ------------------------------
[debug] 2015-06-19 15:20:56: [20120425]
[debug] 2015-06-19 15:20:56: [SG01]
[debug] 2015-06-19 15:20:56: [1]
[debug] 2015-06-19 15:20:56: 
[debug] 2015-06-19 15:20:56: open file ../data/CompLog.con
[debug] 2015-06-19 15:20:56: reading package ID[4086]
[debug] 2015-06-19 15:20:56: current package size: 94
[debug] 2015-06-19 15:20:56: contentLen: 26
[debug] 2015-06-19 15:20:56: 
[debug] 2015-06-19 15:20:56: Package Header
[debug] 2015-06-19 15:20:56: ------------------------------
[debug] 2015-06-19 15:20:56: Type: 0x50
[debug] 2015-06-19 15:20:56: Chain: 0x4c
[debug] 2015-06-19 15:20:56: FTType: 0x57
[debug] 2015-06-19 15:20:56: ContentLength: 0x001a[ dec = 26 ]
[debug] 2015-06-19 15:20:56: SubjectID: 0x00011001
[debug] 2015-06-19 15:20:56: Tid: 0x00005001
[debug] 2015-06-19 15:20:56: CommPhaseNo: 11804
[debug] 2015-06-19 15:20:56: SequenceNo: 4087
[debug] 2015-06-19 15:20:56: FrontSeqNo: 0
[debug] 2015-06-19 15:20:56: RequestID: 0
[debug] 2015-06-19 15:20:56: SessionID: 0
[debug] 2015-06-19 15:20:56: FrontID: 0
[debug] 2015-06-19 15:20:56: GroupID: 62842
[debug] 2015-06-19 15:20:56: OldSubjectID: 0000000000
[debug] 2015-06-19 15:20:56: ConvergenceID: 0x551ca81a
[debug] 2015-06-19 15:20:56: OldSequenceNo: 0
[debug] 2015-06-19 15:20:56: PubNodeID: 4354
[debug] 2015-06-19 15:20:56: RiskID: 0
[debug] 2015-06-19 15:20:56: MatchID: 0
[debug] 2015-06-19 15:20:56: ErrorID: 0
[debug] 2015-06-19 15:20:56: ------------------------------
[debug] 2015-06-19 15:20:56: []
[debug] 2015-06-19 15:20:56: [09:20:03]
[debug] 2015-06-19 15:20:56: [620]
[debug] 2015-06-19 15:20:56: 
[debug] 2015-06-19 15:20:56: open file ../data/CompLog.con
[debug] 2015-06-19 15:20:56: reading package ID[4085]
[debug] 2015-06-19 15:20:56: current package size: 94
[debug] 2015-06-19 15:20:56: contentLen: 26
[debug] 2015-06-19 15:20:56: 
[debug] 2015-06-19 15:20:56: Package Header
[debug] 2015-06-19 15:20:56: ------------------------------
[debug] 2015-06-19 15:20:56: Type: 0x50
[debug] 2015-06-19 15:20:56: Chain: 0x4c
[debug] 2015-06-19 15:20:56: FTType: 0x57
[debug] 2015-06-19 15:20:56: ContentLength: 0x001a[ dec = 26 ]
[debug] 2015-06-19 15:20:56: SubjectID: 0x00011001
[debug] 2015-06-19 15:20:56: Tid: 0x00007002
[debug] 2015-06-19 15:20:56: CommPhaseNo: 11804
[debug] 2015-06-19 15:20:56: SequenceNo: 4086
[debug] 2015-06-19 15:20:56: FrontSeqNo: 0
[debug] 2015-06-19 15:20:56: RequestID: 0
[debug] 2015-06-19 15:20:56: SessionID: 0
[debug] 2015-06-19 15:20:56: FrontID: 0
[debug] 2015-06-19 15:20:56: GroupID: 62842
[debug] 2015-06-19 15:20:56: OldSubjectID: 0x00002000
[debug] 2015-06-19 15:20:56: ConvergenceID: 0x551ca81a
[debug] 2015-06-19 15:20:56: OldSequenceNo: 3860
[debug] 2015-06-19 15:20:56: PubNodeID: 4354
[debug] 2015-06-19 15:20:56: RiskID: 0
[debug] 2015-06-19 15:20:56: MatchID: 0
[debug] 2015-06-19 15:20:56: ErrorID: 0
[debug] 2015-06-19 15:20:56: ------------------------------
[debug] 2015-06-19 15:20:56: [20120425]
[debug] 2015-06-19 15:20:56: [SG01]
[debug] 2015-06-19 15:20:56: [1]
[debug] 2015-06-19 15:20:56: 
[info ] 2015-06-19 15:20:56: program exit normally
