<packages>
  <package name="Nop" tid="0x00000009" comment="空操作" usage="request">
    <field name="RspInfo" minOccur="1" maxOccur="1"/>
  </package>
  <package name="RspError" tid="0x00000001" comment="错误应答" usage="response">
    <field name="RspInfo" minOccur="1" maxOccur="1"/>
  </package>
  <package name="ReqUserLogin" tid="0x00001001" comment="用户登录请求" usage="request">
    <field name="UserLogin" minOccur="1" maxOccur="1"/>
  </package>
  <package name="RspUserLogin" tid="0x00001002" comment="用户登录应答" usage="response">
    <field name="UserLogin" minOccur="1" maxOccur="*"/>
    <field name="RspInfo" minOccur="1" maxOccur="1"/>
  </package>
  <package name="ReqUserLogout" tid="0x00001003" comment="用户退出请求" usage="request">
    <field name="UserLogout" minOccur="1" maxOccur="1"/>
  </package>
  <package name="RspUserLogout" tid="0x00001004" comment="用户退出应答" usage="response">
    <field name="UserLogout" minOccur="1" maxOccur="1"/>
    <field name="RspInfo" minOccur="1" maxOccur="1"/>
  </package>
  <package name="ReqOrderInsert" tid="0x00001005" comment="报单录入请求" usage="request">
    <field name="InputOrder" minOccur="1" maxOccur="1"/>
  </package>
  <package name="RspOrderInsert" tid="0x00001006" comment="报单录入应答" usage="response">
    <field name="InputOrder" minOccur="1" maxOccur="1"/>
    <field name="RspInfo" minOccur="1" maxOccur="1"/>
  </package>
  <package name="ReqOrderAction" tid="0x00001007" comment="报单操作请求" usage="request">
    <field name="OrderAction" minOccur="1" maxOccur="*"/>
  </package>
  <package name="RspOrderAction" tid="0x00001008" comment="报单操作应答" usage="response">
    <field name="OrderAction" minOccur="1" maxOccur="*"/>
    <field name="RspInfo" minOccur="1" maxOccur="*"/>
  </package>
  <package name="ReqQuoteInsert" tid="0x00001009" comment="报价录入请求" usage="request">
    <field name="InputQuote" minOccur="1" maxOccur="*"/>
  </package>
  <package name="RspQuoteInsert" tid="0x0000100A" comment="报价录入应答" usage="response">
    <field name="InputQuote" minOccur="1" maxOccur="*"/>
    <field name="RspInfo" minOccur="1" maxOccur="*"/>
  </package>
  <package name="ReqQuoteAction" tid="0x0000100B" comment="报价操作请求" usage="request">
    <field name="QuoteAction" minOccur="1" maxOccur="*"/>
  </package>
  <package name="RspQuoteAction" tid="0x0000100C" comment="报价操作应答" usage="response">
    <field name="QuoteAction" minOccur="1" maxOccur="*"/>
    <field name="RspInfo" minOccur="1" maxOccur="*"/>
  </package>
  <package name="ReqOTCOrderInsert" tid="0x0000100D" comment="OTC报单录入请求" usage="request">
    <field name="OTCOrder" minOccur="1" maxOccur="*"/>
  </package>
  <package name="RspOTCOrderInsert" tid="0x0000100E" comment="OTC报单录入应答" usage="response">
    <field name="OTCOrder" minOccur="1" maxOccur="*"/>
    <field name="RspInfo" minOccur="1" maxOccur="*"/>
  </package>
  <package name="ReqUserPasswordUpdate" tid="0x0000100F" comment="用户密码修改请求" usage="request">
    <field name="UserPasswordUpdate" minOccur="1" maxOccur="1"/>
  </package>
  <package name="RspUserPasswordUpdate" tid="0x00001010" comment="用户密码修改应答" usage="response">
    <field name="UserPasswordUpdate" minOccur="1" maxOccur="1"/>
    <field name="RspInfo" minOccur="1" maxOccur="1"/>
  </package>
  <package name="ReqExecOrderInsert" tid="0x00001011" comment="执行宣告录入请求" usage="request">
    <field name="InputExecOrder" minOccur="1" maxOccur="1"/>
  </package>
  <package name="RspExecOrderInsert" tid="0x00001012" comment="执行宣告录入应答" usage="response">
    <field name="InputExecOrder" minOccur="1" maxOccur="1"/>
    <field name="RspInfo" minOccur="1" maxOccur="1"/>
  </package>
  <package name="ReqExecOrderAction" tid="0x00001013" comment="执行宣告操作请求" usage="request">
    <field name="ExecOrderAction" minOccur="1" maxOccur="*"/>
  </package>
  <package name="RspExecOrderAction" tid="0x00001014" comment="执行宣告操作应答" usage="response">
    <field name="ExecOrderAction" minOccur="1" maxOccur="*"/>
    <field name="RspInfo" minOccur="1" maxOccur="*"/>
  </package>
  <package name="ReqAdminOrderInsert" tid="0x00001015" comment="管理报单录入请求" usage="request">
    <field name="InputAdminOrder" minOccur="1" maxOccur="1"/>
  </package>
  <package name="RspAdminOrderInsert" tid="0x00001016" comment="管理报单录入应答" usage="response">
    <field name="InputAdminOrder" minOccur="1" maxOccur="1"/>
    <field name="RspInfo" minOccur="1" maxOccur="1"/>
  </package>
  <package name="ReqCombOrderInsert" tid="0x00001017" comment="组合报单录入请求" usage="request">
    <field name="InputCombOrder" minOccur="1" maxOccur="1"/>
  </package>
  <package name="RspCombOrderInsert" tid="0x00001018" comment="组合报单录入应答" usage="response">
    <field name="InputCombOrder" minOccur="1" maxOccur="1"/>
    <field name="RspInfo" minOccur="1" maxOccur="1"/>
  </package>
  <package name="ReqBulletin" tid="0x00002005" comment="交易所公告请求" usage="request">
    <field name="Bulletin" minOccur="1" maxOccur="1"/>
  </package>
  <package name="RspBulletin" tid="0x00002006" comment="交易所公告请求应答" usage="response">
    <field name="Bulletin" minOccur="1" maxOccur="*"/>
    <field name="RspInfo" minOccur="1" maxOccur="1"/>
  </package>
  <package name="ReqInstrumentStatusUpdate" tid="0x00002007" comment="合约交易状态改变请求" usage="request">
    <field name="InstrumentStatus" minOccur="1" maxOccur="*"/>
  </package>
  <package name="RspInstrumentStatusUpdate" tid="0x00002008" comment="合约交易状态改变应答" usage="response">
    <field name="InstrumentStatus" minOccur="1" maxOccur="*"/>
    <field name="RspInfo" minOccur="1" maxOccur="*"/>
  </package>
  <package name="ReqForceUserExit" tid="0x0000200B" comment="强制用户退出请求" usage="request">
    <field name="ForceUserExit" minOccur="1" maxOccur="1"/>
  </package>
  <package name="RspForceUserExit" tid="0x0000200C" comment="强制用户退出应答" usage="response">
    <field name="ForceUserExit" minOccur="1" maxOccur="1"/>
    <field name="RspInfo" minOccur="1" maxOccur="1"/>
  </package>
  <package name="ReqForceUserLogout" tid="0x0000200D" comment="用户会话删除请求" usage="request">
    <field name="ForceUserExit" minOccur="1" maxOccur="1"/>
  </package>
  <package name="RspForceUserLogout" tid="0x0000200E" comment="用户会话删除应答" usage="response">
    <field name="ForceUserExit" minOccur="1" maxOccur="1"/>
    <field name="RspInfo" minOccur="1" maxOccur="1"/>
  </package>
  <package name="ReqExchangeDataSyncStatusUpdate" tid="0x00002013" comment="交易所数据同步状态改变请求" usage="request">
    <field name="ExchangeDataSyncStatus" minOccur="1" maxOccur="1"/>
  </package>
  <package name="RspExchangeDataSyncStatusUpdate" tid="0x00002014" comment="交易所数据同步状态改变应答" usage="response">
    <field name="ExchangeDataSyncStatus" minOccur="1" maxOccur="1"/>
    <field name="RspInfo" minOccur="1" maxOccur="1"/>
  </package>
  <package name="ReqSGDataSyncStatusUpdate" tid="0x00002015" comment="结算组数据同步状态改变请求" usage="request">
    <field name="SGDataSyncStatus" minOccur="1" maxOccur="1"/>
  </package>
  <package name="RspSGDataSyncStatusUpdate" tid="0x00002016" comment="结算组数据同步状态改变应答" usage="response">
    <field name="SGDataSyncStatus" minOccur="1" maxOccur="1"/>
    <field name="RspInfo" minOccur="1" maxOccur="1"/>
  </package>
  <package name="ReqExchangeDataSync" tid="0x00002801" comment="交易所数据同步请求" usage="request">
    <field name="ExchangeTradingDay" minOccur="1" maxOccur="1"/>
  </package>
  <package name="RspExchangeDataSync" tid="0x00002802" comment="交易所数据同步应答" usage="response">
    <field name="ExchangeTradingDay" minOccur="1" maxOccur="1"/>
    <field name="RspInfo" minOccur="1" maxOccur="1"/>
  </package>
  <package name="ReqSgDataSync" tid="0x00002803" comment="结算组数据同步请求" usage="request">
    <field name="SettlementSession" minOccur="1" maxOccur="1"/>
  </package>
  <package name="RspSgDataSync" tid="0x00002804" comment="结算组数据同步应答" usage="response">
    <field name="SettlementSession" minOccur="1" maxOccur="1"/>
    <field name="RspInfo" minOccur="1" maxOccur="1"/>
  </package>
  <package name="ReqInformation" tid="0x00002805" comment="交易所信息请求" usage="request">
    <field name="Information" minOccur="1" maxOccur="1"/>
  </package>
  <package name="RspInformation" tid="0x00002806" comment="交易所公告信息应答" usage="response">
    <field name="Information" minOccur="1" maxOccur="*"/>
    <field name="RspInfo" minOccur="1" maxOccur="1"/>
  </package>
  <package name="ReqFrontStatus" tid="0x00009001" comment="前置状态报告请求" usage="request">
    <field name="FrontStatus" minOccur="1" maxOccur="1"/>
  </package>
  <package name="RspFrontStatus" tid="0x00009002" comment="前置状态报告应答" usage="response">
    <field name="FrontStatus" minOccur="1" maxOccur="1"/>
    <field name="RspInfo" minOccur="1" maxOccur="1"/>
  </package>
  <package name="ReqQryPartAccount" tid="0x00004001" comment="会员资金查询请求" usage="request">
    <field name="QryPartAccount" minOccur="1" maxOccur="1"/>
  </package>
  <package name="RspQryPartAccount" tid="0x00004002" comment="会员资金查询应答" usage="response">
    <field name="RspPartAccount" minOccur="1" maxOccur="*"/>
    <field name="RspInfo" minOccur="1" maxOccur="*"/>
  </package>
  <package name="ReqQryOrder" tid="0x00004003" comment="报单查询请求" usage="request">
    <field name="QryOrder" minOccur="1" maxOccur="1"/>
  </package>
  <package name="RspQryOrder" tid="0x00004004" comment="报单查询应答" usage="response">
    <field name="Order" minOccur="1" maxOccur="*"/>
    <field name="RspInfo" minOccur="1" maxOccur="*"/>
  </package>
  <package name="ReqQryQuote" tid="0x00004005" comment="报价查询请求" usage="request">
    <field name="QryQuote" minOccur="1" maxOccur="1"/>
  </package>
  <package name="RspQryQuote" tid="0x00004006" comment="报价查询应答" usage="response">
    <field name="Quote" minOccur="1" maxOccur="*"/>
    <field name="RspInfo" minOccur="1" maxOccur="*"/>
  </package>
  <package name="ReqQryTrade" tid="0x00004007" comment="成交单查询请求" usage="request">
    <field name="QryTrade" minOccur="1" maxOccur="1"/>
  </package>
  <package name="RspQryTrade" tid="0x00004008" comment="成交单查询应答" usage="response">
    <field name="Trade" minOccur="1" maxOccur="*"/>
    <field name="RspInfo" minOccur="1" maxOccur="*"/>
  </package>
  <package name="ReqQryClient" tid="0x00004009" comment="会员客户查询请求" usage="request">
    <field name="QryClient" minOccur="1" maxOccur="1"/>
  </package>
  <package name="RspQryClient" tid="0x0000400A" comment="会员客户查询应答" usage="response">
    <field name="RspClient" minOccur="1" maxOccur="*"/>
    <field name="RspInfo" minOccur="1" maxOccur="*"/>
  </package>
  <package name="ReqQryPartPosition" tid="0x0000400B" comment="会员持仓查询请求" usage="request">
    <field name="QryPartPosition" minOccur="1" maxOccur="1"/>
  </package>
  <package name="RspQryPartPosition" tid="0x0000400C" comment="会员持仓查询应答" usage="response">
    <field name="RspPartPosition" minOccur="1" maxOccur="*"/>
    <field name="RspInfo" minOccur="1" maxOccur="*"/>
  </package>
  <package name="ReqQryClientPosition" tid="0x0000400D" comment="客户持仓查询请求" usage="request">
    <field name="QryClientPosition" minOccur="1" maxOccur="1"/>
  </package>
  <package name="RspQryClientPosition" tid="0x0000400E" comment="客户持仓查询应答" usage="response">
    <field name="RspClientPosition" minOccur="1" maxOccur="*"/>
    <field name="RspInfo" minOccur="1" maxOccur="*"/>
  </package>
  <package name="ReqQryInstrument" tid="0x0000400F" comment="合约查询请求" usage="request">
    <field name="QryInstrument" minOccur="1" maxOccur="1"/>
  </package>
  <package name="RspQryInstrument" tid="0x00004010" comment="合约查询应答" usage="response">
    <field name="RspInstrument" minOccur="1" maxOccur="*"/>
    <field name="RspInfo" minOccur="1" maxOccur="*"/>
  </package>
  <package name="ReqQryInstrumentStatus" tid="0x00004011" comment="合约交易状态查询请求" usage="request">
    <field name="QryInstrumentStatus" minOccur="1" maxOccur="1"/>
  </package>
  <package name="RspQryInstrumentStatus" tid="0x00004012" comment="合约交易状态查询应答" usage="response">
    <field name="InstrumentStatus" minOccur="1" maxOccur="*"/>
    <field name="RspInfo" minOccur="1" maxOccur="*"/>
  </package>
  <package name="ReqQrySGDataSyncStatus" tid="0x00004013" comment="结算组数据同步状态查询请求" usage="request">
    <field name="QrySGDataSyncStatus" minOccur="1" maxOccur="1"/>
  </package>
  <package name="RspQrySGDataSyncStatus" tid="0x00004014" comment="结算组数据同步状态查询应答" usage="response">
    <field name="SGDataSyncStatus" minOccur="1" maxOccur="*"/>
    <field name="RspInfo" minOccur="1" maxOccur="1"/>
  </package>
  <package name="ReqQryHedgeVolume" tid="0x00004015" comment="保值额度查询" usage="request">
    <field name="QryHedgeVolume" minOccur="1" maxOccur="1"/>
  </package>
  <package name="RspQryHedgeVolume" tid="0x00004016" comment="保值额度应答" usage="response">
    <field name="HedgeVolume" minOccur="1" maxOccur="*"/>
    <field name="RspInfo" minOccur="1" maxOccur="1"/>
  </package>
  <package name="ReqQryCombOrder" tid="0x00004017" comment="组合报单查询请求" usage="request">
    <field name="QryCombOrder" minOccur="1" maxOccur="1"/>
  </package>
  <package name="RspQryCombOrder" tid="0x00004018" comment="组合报单查询应答" usage="response">
    <field name="CombOrder" minOccur="1" maxOccur="*"/>
    <field name="RspInfo" minOccur="1" maxOccur="*"/>
  </package>
  <package name="ReqQryMarketData" tid="0x00004101" comment="普通行情查询请求" usage="request">
    <field name="QryMarketData" minOccur="1" maxOccur="1"/>
  </package>
  <package name="RspQryMarketData" tid="0x00004102" comment="普通行情查询应答" usage="response">
    <field name="MarketData" minOccur="1" maxOccur="*"/>
    <field name="RspInfo" minOccur="1" maxOccur="*"/>
  </package>
  <package name="ReqQryBulletin" tid="0x00004103" comment="交易所公告查询请求" usage="request">
    <field name="QryBulletin" minOccur="1" maxOccur="1"/>
  </package>
  <package name="RspQryBulletin" tid="0x00004104" comment="交易所公告查询应答" usage="response">
    <field name="Bulletin" minOccur="1" maxOccur="*"/>
    <field name="RspInfo" minOccur="1" maxOccur="1"/>
  </package>
  <package name="ReqQryUserSession" tid="0x000043D1" comment="用户在线查询请求" usage="request">
    <field name="QryUserSession" minOccur="1" maxOccur="1"/>
  </package>
  <package name="RspQryUserSession" tid="0x000043D2" comment="用户在线查询应答" usage="response">
    <field name="UserSession" minOccur="1" maxOccur="*"/>
    <field name="RspInfo" minOccur="1" maxOccur="1"/>
  </package>
  <package name="ReqQryUser" tid="0x000043D3" comment="用户查询请求" usage="request">
    <field name="QryUser" minOccur="1" maxOccur="1"/>
  </package>
  <package name="RspQryUser" tid="0x000043D4" comment="用户查询应答" usage="response">
    <field name="User" minOccur="1" maxOccur="*"/>
    <field name="RspInfo" minOccur="1" maxOccur="1"/>
  </package>
  <package name="ReqQryParticipant" tid="0x000043D5" comment="会员查询请求" usage="request">
    <field name="QryParticipant" minOccur="1" maxOccur="1"/>
  </package>
  <package name="RspQryParticipant" tid="0x000043D6" comment="会员查询应答" usage="response">
    <field name="Participant" minOccur="1" maxOccur="*"/>
    <field name="RspInfo" minOccur="1" maxOccur="1"/>
  </package>
  <package name="ReqQryMBLMarketData" tid="0x000043E1" comment="合约价位查询" usage="request">
    <field name="QryMBLMarketData" minOccur="1" maxOccur="1"/>
  </package>
  <package name="RspQryMBLMarketData" tid="0x000043E2" comment="合约价位查询应答" usage="response">
    <field name="MBLMarketData" minOccur="1" maxOccur="*"/>
    <field name="RspInfo" minOccur="1" maxOccur="1"/>
  </package>
  <package name="ReqQryInformation" tid="0x000043E3" comment="信息查询" usage="request">
    <field name="QryInformation" minOccur="1" maxOccur="*"/>
  </package>
  <package name="RspQryInformation" tid="0x000043E4" comment="信息查询应答" usage="response">
    <field name="Information" minOccur="1" maxOccur="1"/>
    <field name="RspInfo" minOccur="1" maxOccur="1"/>
  </package>
  <package name="ReqQryExchangeStatus" tid="0x00004801" comment="交易所状态查询" usage="request">
    <field name="QryExchangeStatus" minOccur="1" maxOccur="1"/>
  </package>
  <package name="RspQryExchangeStatus" tid="0x00004802" comment="交易所状态应答" usage="response">
    <field name="ExchangeStatus" minOccur="1" maxOccur="*"/>
    <field name="RspInfo" minOccur="1" maxOccur="1"/>
  </package>
  <package name="ReqQryExchangeDataSyncStatus" tid="0x00004803" comment="交易所数据同步状态查询" usage="request">
    <field name="QryExchangeDataSyncStatus" minOccur="1" maxOccur="1"/>
  </package>
  <package name="RspQryExchangeDataSyncStatus" tid="0x00004804" comment="交易所数据同步状态应答" usage="response">
    <field name="ExchangeDataSyncStatus" minOccur="1" maxOccur="*"/>
    <field name="RspInfo" minOccur="1" maxOccur="1"/>
  </package>
  <package name="ReqQrySettlementGroupStatus" tid="0x00004811" comment="结算组状态查询" usage="request">
    <field name="QrySettlementGroupStatus" minOccur="1" maxOccur="1"/>
  </package>
  <package name="RspQrySettlementGroupStatus" tid="0x00004812" comment="结算组状态应答" usage="response">
    <field name="SettlementGroupStatus" minOccur="1" maxOccur="*"/>
    <field name="RspInfo" minOccur="1" maxOccur="1"/>
  </package>
  <package name="ReqQryCreditLimit" tid="0x00004813" comment="信用限额查询请求" usage="request">
    <field name="QryCreditLimit" minOccur="1" maxOccur="1"/>
  </package>
  <package name="RspQryCreditLimit" tid="0x00004814" comment="信用限额查询应答" usage="response">
    <field name="CreditLimit" minOccur="1" maxOccur="*"/>
    <field name="RspInfo" minOccur="1" maxOccur="1"/>
  </package>
  <package name="DbAccountDeposit" tid="0x00003001" comment="资金帐户入金" usage="dbmt">
    <field name="DbmtAccountDeposit" minOccur="1" maxOccur="*"/>
  </package>
  <package name="DbUpdateAllInstrumentStatus" tid="0x00003002" comment="调整所有合约状态" usage="dbmt">
    <field name="DbmtUpdateAllInstrumentStatus" minOccur="1" maxOccur="*"/>
  </package>
  <package name="DbInsClient" tid="0x00003021" comment="增加客户" usage="dbmt">
    <field name="DbmtClient" minOccur="1" maxOccur="*"/>
  </package>
  <package name="DbUpdClient" tid="0x00003022" comment="修改客户" usage="dbmt">
    <field name="DbmtClient" minOccur="1" maxOccur="*"/>
  </package>
  <package name="DbInsPartClient" tid="0x00003024" comment="增加会员客户关系" usage="dbmt">
    <field name="DbmtPartClient" minOccur="1" maxOccur="*"/>
  </package>
  <package name="DbDelPartClient" tid="0x00003025" comment="删除会员客户关系" usage="dbmt">
    <field name="DbmtPartClient" minOccur="1" maxOccur="*"/>
  </package>
  <package name="DbInsCurrPartPosiLimitDetail" tid="0x00003031" comment="增加会员合约持仓限额" usage="dbmt">
    <field name="DbmtCurrPartPosiLimitDetail" minOccur="1" maxOccur="*"/>
  </package>
  <package name="DbUpdCurrPartPosiLimitDetail" tid="0x00003032" comment="修改会员合约持仓限额" usage="dbmt">
    <field name="DbmtCurrPartPosiLimitDetail" minOccur="1" maxOccur="*"/>
  </package>
  <package name="DbDelCurrPartPosiLimitDetail" tid="0x00003033" comment="删除会员合约持仓限额" usage="dbmt">
    <field name="DbmtCurrPartPosiLimitDetail" minOccur="1" maxOccur="*"/>
  </package>
  <package name="DbInsCurrClientPosiLimitDetail" tid="0x00003041" comment="增加客户合约持仓限额" usage="dbmt">
    <field name="DbmtCurrClientPosiLimitDetail" minOccur="1" maxOccur="*"/>
  </package>
  <package name="DbUpdCurrClientPosiLimitDetail" tid="0x00003042" comment="修改客户合约持仓限额" usage="dbmt">
    <field name="DbmtCurrClientPosiLimitDetail" minOccur="1" maxOccur="*"/>
  </package>
  <package name="DbDelCurrClientPosiLimitDetail" tid="0x00003043" comment="删除客户合约持仓限额" usage="dbmt">
    <field name="DbmtCurrClientPosiLimitDetail" minOccur="1" maxOccur="*"/>
  </package>
  <package name="DbInsCurrSpecialPosiLimitDetail" tid="0x00003051" comment="增加特殊客户合约持仓限额" usage="dbmt">
    <field name="DbmtCurrSpecialPosiLimitDetail" minOccur="1" maxOccur="*"/>
  </package>
  <package name="DbUpdCurrSpecialPosiLimitDetail" tid="0x00003052" comment="修改特殊客户合约持仓限额" usage="dbmt">
    <field name="DbmtCurrSpecialPosiLimitDetail" minOccur="1" maxOccur="*"/>
  </package>
  <package name="DbDelCurrSpecialPosiLimitDetail" tid="0x00003053" comment="删除特殊客户合约持仓限额" usage="dbmt">
    <field name="DbmtCurrSpecialPosiLimitDetail" minOccur="1" maxOccur="*"/>
  </package>
  <package name="DbInsHedgeDetail" tid="0x00003061" comment="增加保值额度" usage="dbmt">
    <field name="DbmtHedgeDetail" minOccur="1" maxOccur="*"/>
  </package>
  <package name="DbInsUser" tid="0x00003071" comment="增加交易用户" usage="dbmt">
    <field name="DbmtUser" minOccur="1" maxOccur="*"/>
  </package>
  <package name="DbUpdUser" tid="0x00003072" comment="修改交易用户" usage="dbmt">
    <field name="DbmtUser" minOccur="1" maxOccur="*"/>
  </package>
  <package name="DbInsPartProductRight" tid="0x00003081" comment="增加会员产品权限" usage="dbmt">
    <field name="DbmtPartProductRight" minOccur="1" maxOccur="*"/>
  </package>
  <package name="DbUpdPartProductRight" tid="0x00003082" comment="修改会员产品权限" usage="dbmt">
    <field name="DbmtPartProductRight" minOccur="1" maxOccur="*"/>
  </package>
  <package name="DbDelPartProductRight" tid="0x00003083" comment="删除会员产品权限" usage="dbmt">
    <field name="DbmtPartProductRight" minOccur="1" maxOccur="*"/>
  </package>
  <package name="DbInsClientProductRight" tid="0x00003084" comment="增加客户产品权限" usage="dbmt">
    <field name="DbmtClientProductRight" minOccur="1" maxOccur="*"/>
  </package>
  <package name="DbUpdClientProductRight" tid="0x00003085" comment="修改客户产品权限" usage="dbmt">
    <field name="DbmtClientProductRight" minOccur="1" maxOccur="*"/>
  </package>
  <package name="DbDelClientProductRight" tid="0x00003086" comment="删除客户产品权限" usage="dbmt">
    <field name="DbmtClientProductRight" minOccur="1" maxOccur="*"/>
  </package>
  <package name="DbInsPartInstrumentRight" tid="0x00003091" comment="增加会员合约权限" usage="dbmt">
    <field name="DbmtPartInstrumentRight" minOccur="1" maxOccur="*"/>
  </package>
  <package name="DbUpdPartInstrumentRight" tid="0x00003092" comment="修改会员合约权限" usage="dbmt">
    <field name="DbmtPartInstrumentRight" minOccur="1" maxOccur="*"/>
  </package>
  <package name="DbDelPartInstrumentRight" tid="0x00003093" comment="删除会员合约权限" usage="dbmt">
    <field name="DbmtPartInstrumentRight" minOccur="1" maxOccur="*"/>
  </package>
  <package name="DbInsClientInstrumentRight" tid="0x00003094" comment="增加客户合约权限" usage="dbmt">
    <field name="DbmtClientInstrumentRight" minOccur="1" maxOccur="*"/>
  </package>
  <package name="DbUpdClientInstrumentRight" tid="0x00003095" comment="修改客户合约权限" usage="dbmt">
    <field name="DbmtClientInstrumentRight" minOccur="1" maxOccur="*"/>
  </package>
  <package name="DbDelClientInstrumentRight" tid="0x00003096" comment="删除会员客户权限" usage="dbmt">
    <field name="DbmtClientInstrumentRight" minOccur="1" maxOccur="*"/>
  </package>
  <package name="DbInsCurrMarginRateDetail" tid="0x000030A1" comment="增加会员合约保证金率" usage="dbmt">
    <field name="DbmtCurrMarginRateDetail" minOccur="1" maxOccur="*"/>
  </package>
  <package name="DbUpdCurrMarginRateDetail" tid="0x000030A2" comment="修改会员合约保证金率" usage="dbmt">
    <field name="DbmtCurrMarginRateDetail" minOccur="1" maxOccur="*"/>
  </package>
  <package name="DbDelCurrMarginRateDetail" tid="0x000030A3" comment="删除会员合约保证金率" usage="dbmt">
    <field name="DbmtCurrMarginRateDetail" minOccur="1" maxOccur="*"/>
  </package>
  <package name="DbUpdMarketData" tid="0x000030B1" comment="数据库发出的最终行情" usage="dbmt">
    <field name="DbmtMarketData" minOccur="1" maxOccur="*"/>
  </package>
  <package name="DbInsUserIP" tid="0x000030C1" comment="增加用户IP地址" usage="dbmt">
    <field name="DbmtUserIP" minOccur="1" maxOccur="*"/>
  </package>
  <package name="DbDelUserIP" tid="0x000030C3" comment="删除用户IP地址" usage="dbmt">
    <field name="DbmtUserIP" minOccur="1" maxOccur="*"/>
  </package>
  <package name="DbInsCurrPriceBanding" tid="0x000030D1" comment="增加价格绑定" usage="dbmt">
    <field name="DbmtCurrPriceBanding" minOccur="1" maxOccur="*"/>
  </package>
  <package name="DbUpdCurrPriceBanding" tid="0x000030D2" comment="修改价格绑定" usage="dbmt">
    <field name="DbmtCurrPriceBanding" minOccur="1" maxOccur="*"/>
  </package>
  <package name="DbDelCurrPriceBanding" tid="0x000030D3" comment="删除价格绑定" usage="dbmt">
    <field name="DbmtCurrPriceBanding" minOccur="1" maxOccur="*"/>
  </package>
  <package name="DbInsPartTopicSubscribe" tid="0x000030E1" comment="增加会员订阅市场" usage="dbmt">
    <field name="DbmtPartTopicSubscribe" minOccur="1" maxOccur="*"/>
  </package>
  <package name="DbDelPartTopicSubscribe" tid="0x000030E3" comment="删除会员订阅市场" usage="dbmt">
    <field name="DbmtPartTopicSubscribe" minOccur="1" maxOccur="*"/>
  </package>
  <package name="DbInsPartClientProductRight" tid="0x000030E4" comment="增加交易编码产品权限" usage="dbmt">
    <field name="DbmtPartClientProductRight" minOccur="1" maxOccur="*"/>
  </package>
  <package name="DbUpdPartClientProductRight" tid="0x000030E5" comment="修改交易编码产品权限" usage="dbmt">
    <field name="DbmtPartClientProductRight" minOccur="1" maxOccur="*"/>
  </package>
  <package name="DbDelPartClientProductRight" tid="0x000030E6" comment="删除交易编码产品权限" usage="dbmt">
    <field name="DbmtPartClientProductRight" minOccur="1" maxOccur="*"/>
  </package>
  <package name="DbInsPartClientInstrumentRight" tid="0x000030E7" comment="增加交易编码合约权限" usage="dbmt">
    <field name="DbmtPartClientInstrumentRight" minOccur="1" maxOccur="*"/>
  </package>
  <package name="DbUpdPartClientInstrumentRight" tid="0x000030E8" comment="修改交易编码合约权限" usage="dbmt">
    <field name="DbmtPartClientInstrumentRight" minOccur="1" maxOccur="*"/>
  </package>
  <package name="DbDelPartClientInstrumentRight" tid="0x000030E9" comment="删除交易编码合约权限" usage="dbmt">
    <field name="DbmtPartClientInstrumentRight" minOccur="1" maxOccur="*"/>
  </package>
  <package name="NtfTimeSync" tid="0x00005001" comment="时间同步" usage="notifyIn">
    <field name="CurrentTime" minOccur="1" maxOccur="1"/>
  </package>
  <package name="NtfCommPhaseChange" tid="0x00005002" comment="通讯阶段切换通知" usage="notifyIn">
    <field name="CommPhase" minOccur="1" maxOccur="1"/>
  </package>
  <package name="NtfDataCenterDesc" tid="0x00005003" comment="数据中心位置通知" usage="notifyIn">
    <field name="DataCenterDesc" minOccur="1" maxOccur="1"/>
  </package>
  <package name="NtfSwitch" tid="0x00005005" comment="数据中心切换通知" usage="notifyIn">
    <field name="SwitchDesc" minOccur="1" maxOccur="1"/>
  </package>
  <package name="NtfInsInstrument" tid="0x00005101" comment="增加合约通知" usage="notifyOut">
    <field name="Instrument" minOccur="1" maxOccur="1"/>
  </package>
  <package name="NtfDelInstrument" tid="0x00005102" comment="删除合约通知" usage="notifyOut">
    <field name="Instrument" minOccur="1" maxOccur="1"/>
  </package>
  <package name="NtfInsCombinationLeg" tid="0x00005103" comment="增加组合合约单腿通知" usage="notifyOut">
    <field name="CombinationLeg" minOccur="1" maxOccur="*"/>
  </package>
  <package name="NtfDelCombinationLeg" tid="0x00005104" comment="删除组合合约单腿通知" usage="notifyOut">
    <field name="CombinationLeg" minOccur="1" maxOccur="*"/>
  </package>
  <package name="NtfAliasDefine" tid="0x0000510A" comment="别名定义通知" usage="notifyOut">
    <field name="AliasDefine" minOccur="1" maxOccur="*"/>
  </package>
  <package name="NtfOrder" tid="0x00005201" comment="报单通知" usage="notifyOut">
    <field name="Order" minOccur="1" maxOccur="*"/>
  </package>
  <package name="NtfTrade" tid="0x00005202" comment="成交通知" usage="notifyOut">
    <field name="Trade" minOccur="1" maxOccur="*"/>
  </package>
  <package name="NtfQuote" tid="0x00005203" comment="报价通知" usage="notifyOut">
    <field name="Quote" minOccur="1" maxOccur="*"/>
  </package>
  <package name="NtfExecOrder" tid="0x00005204" comment="执行宣告通知" usage="notifyOut">
    <field name="ExecOrder" minOccur="1" maxOccur="*"/>
  </package>
  <package name="NtfCombOrder" tid="0x00005205" comment="组合报单通知" usage="notifyOut">
    <field name="CombOrder" minOccur="1" maxOccur="*"/>
  </package>
  <package name="NtfInstrumentStatusUpdate" tid="0x00005211" comment="合约交易状态改变通知" usage="notifyOut">
    <field name="InstrumentStatus" minOccur="1" maxOccur="*"/>
  </package>
  <package name="NtfDelUserSession" tid="0x00005313" comment="会话删除通知" usage="notifyOut">
    <field name="UserSession" minOccur="1" maxOccur="*"/>
  </package>
  <package name="NtfBulletin" tid="0x00005801" comment="交易所公告请求通知" usage="notifyOut">
    <field name="Bulletin" minOccur="1" maxOccur="*"/>
  </package>
  <package name="NtfMarketData" tid="0x00005802" comment="普通行情通知" usage="notifyOut">
    <field name="MarketData" minOccur="1" maxOccur="*"/>
  </package>
  <package name="NtfDepthMarketData" tid="0x00005803" comment="深度行情通知" usage="notifyOut">
    <field name="MarketDataBase" minOccur="0" maxOccur="1"/>
    <field name="MarketDataStatic" minOccur="0" maxOccur="1"/>
    <field name="MarketDataLastMatch" minOccur="0" maxOccur="1"/>
    <field name="MarketDataBestPrice" minOccur="0" maxOccur="1"/>
    <field name="MarketDataBid23" minOccur="0" maxOccur="1"/>
    <field name="MarketDataAsk23" minOccur="0" maxOccur="1"/>
    <field name="MarketDataBid45" minOccur="0" maxOccur="1"/>
    <field name="MarketDataAsk45" minOccur="0" maxOccur="1"/>
    <field name="MarketDataUpdateTime" minOccur="1" maxOccur="1"/>
    <field name="MarketDataRealPriceBanding" minOccur="0" maxOccur="1"/>
  </package>
  <package name="NtfAdminOrder" tid="0x00005A01" comment="管理报单通知" usage="notifyOut">
    <field name="AdminOrder" minOccur="1" maxOccur="*"/>
  </package>
  <package name="ExchangeDataSyncStart" tid="0x00006001" comment="交易所数据同步开始" usage="tinit">
    <field name="ExchangeTradingDay" minOccur="1" maxOccur="1"/>
  </package>
  <package name="ExchangeDataSyncEnd" tid="0x00006002" comment="交易所数据同步结束" usage="tinit">
    <field name="ExchangeTradingDay" minOccur="1" maxOccur="1"/>
  </package>
  <package name="InitExchange" tid="0x00006101" comment="交易所" usage="exchangeInit">
    <field name="Exchange" minOccur="1" maxOccur="*"/>
  </package>
  <package name="InitSettlementGroup" tid="0x00006102" comment="结算组" usage="exchangeInit">
    <field name="SettlementGroup" minOccur="1" maxOccur="*"/>
  </package>
  <package name="InitMarket" tid="0x00006201" comment="市场" usage="exchangeInit">
    <field name="Market" minOccur="1" maxOccur="*"/>
  </package>
  <package name="InitMarketProduct" tid="0x00006202" comment="市场产品关联" usage="exchangeInit">
    <field name="MarketProduct" minOccur="1" maxOccur="*"/>
  </package>
  <package name="InitMarketProductGroup" tid="0x00006203" comment="市场产品组关联" usage="exchangeInit">
    <field name="MarketProductGroup" minOccur="1" maxOccur="*"/>
  </package>
  <package name="InitMarketDataTopic" tid="0x00006204" comment="行情主题" usage="exchangeInit">
    <field name="MarketDataTopic" minOccur="1" maxOccur="*"/>
  </package>
  <package name="InitPartTopicSubscribe" tid="0x00006205" comment="会员订阅市场" usage="exchangeInit">
    <field name="PartTopicSubscribe" minOccur="1" maxOccur="*"/>
  </package>
  <package name="InitParticipant" tid="0x00006401" comment="会员" usage="exchangeInit">
    <field name="Participant" minOccur="1" maxOccur="*"/>
  </package>
  <package name="InitUser" tid="0x00006402" comment="用户" usage="exchangeInit">
    <field name="User" minOccur="1" maxOccur="*"/>
  </package>
  <package name="InitClient" tid="0x00006403" comment="客户" usage="exchangeInit">
    <field name="Client" minOccur="1" maxOccur="*"/>
  </package>
  <package name="InitPartClient" tid="0x00006404" comment="会员客户关系" usage="exchangeInit">
    <field name="PartClient" minOccur="1" maxOccur="*"/>
  </package>
  <package name="InitUserIP" tid="0x00006405" comment="用户IP地址" usage="exchangeInit">
    <field name="UserIP" minOccur="1" maxOccur="*"/>
  </package>
  <package name="InitMdPubStatus" tid="0x00006406" comment="行情发布状态" usage="exchangeInit">
    <field name="MdPubStatus" minOccur="1" maxOccur="*"/>
  </package>
  <package name="InitAliasDefine" tid="0x00006407" comment="别名定义" usage="exchangeInit">
    <field name="AliasDefine" minOccur="1" maxOccur="*"/>
  </package>
  <package name="InitClearingTradingPart" tid="0x00006408" comment="结算交易会员关系" usage="exchangeInit">
    <field name="ClearingTradingPart" minOccur="1" maxOccur="*"/>
  </package>
  <package name="InitUserFunctionRight" tid="0x00006409" comment="用户功能权限" usage="exchangeInit">
    <field name="UserFunctionRight" minOccur="1" maxOccur="*"/>
  </package>
  <package name="InitAccount" tid="0x0000640A" comment="资金账户" usage="exchangeInit">
    <field name="Account" minOccur="1" maxOccur="*"/>
  </package>
  <package name="InitUserCommFlux" tid="0x0000640B" comment="用户通讯量" usage="exchangeInit">
    <field name="UserCommFlux" minOccur="1" maxOccur="*"/>
  </package>
  <package name="SettlementGroupDataSyncStart" tid="0x00007001" comment="结算组数据同步开始" usage="tinit">
    <field name="SettlementSession" minOccur="1" maxOccur="1"/>
  </package>
  <package name="SettlementGroupDataSyncEnd" tid="0x00007002" comment="结算组数据同步结束" usage="tinit">
    <field name="SettlementSession" minOccur="1" maxOccur="1"/>
  </package>
  <package name="InitInstrument" tid="0x00007103" comment="合约" usage="sgInit">
    <field name="Instrument" minOccur="1" maxOccur="*"/>
  </package>
  <package name="InitCombinationLeg" tid="0x00007104" comment="组合交易合约的单腿" usage="sgInit">
    <field name="CombinationLeg" minOccur="1" maxOccur="*"/>
  </package>
  <package name="InitPartRoleAccount" tid="0x00007105" comment="会员账户关系" usage="sgInit">
    <field name="PartRoleAccount" minOccur="1" maxOccur="*"/>
  </package>
  <package name="InitPartProductRole" tid="0x00007201" comment="会员产品角色" usage="sgInit">
    <field name="PartProductRole" minOccur="1" maxOccur="*"/>
  </package>
  <package name="InitPartProductRight" tid="0x00007202" comment="会员产品交易权限" usage="sgInit">
    <field name="PartProductRight" minOccur="1" maxOccur="*"/>
  </package>
  <package name="InitPartInstrumentRight" tid="0x00007203" comment="会员合约交易权限" usage="sgInit">
    <field name="PartInstrumentRight" minOccur="1" maxOccur="*"/>
  </package>
  <package name="InitClientProductRight" tid="0x00007204" comment="客户产品交易权限" usage="sgInit">
    <field name="ClientProductRight" minOccur="1" maxOccur="*"/>
  </package>
  <package name="InitClientInstrumentRight" tid="0x00007205" comment="客户合约交易权限" usage="sgInit">
    <field name="ClientInstrumentRight" minOccur="1" maxOccur="*"/>
  </package>
  <package name="InitCurrProductProperty" tid="0x00007301" comment="产品属性" usage="sgInit">
    <field name="CurrProductProperty" minOccur="1" maxOccur="*"/>
  </package>
  <package name="InitCurrInstrumentProperty" tid="0x00007303" comment="合约属性" usage="sgInit">
    <field name="CurrInstrumentProperty" minOccur="1" maxOccur="*"/>
  </package>
  <package name="InitCurrPriceBanding" tid="0x00007304" comment="当前合约价格绑定" usage="sgInit">
    <field name="CurrPriceBanding" minOccur="1" maxOccur="*"/>
  </package>
  <package name="InitCurrMarginRate" tid="0x00007305" comment="当前合约保证金率" usage="sgInit">
    <field name="CurrMarginRate" minOccur="1" maxOccur="*"/>
  </package>
  <package name="InitCurrMarginRateDetail" tid="0x00007306" comment="当前合约保证金率的详细内容" usage="sgInit">
    <field name="CurrMarginRateDetail" minOccur="1" maxOccur="*"/>
  </package>
  <package name="InitCurrPartPosiLimit" tid="0x00007307" comment="当前会员合约限仓" usage="sgInit">
    <field name="CurrPartPosiLimit" minOccur="1" maxOccur="*"/>
  </package>
  <package name="InitCurrPartPosiLimitDetail" tid="0x00007308" comment="当前会员合约限仓的详细内容" usage="sgInit">
    <field name="CurrPartPosiLimitDetail" minOccur="1" maxOccur="*"/>
  </package>
  <package name="InitCurrClientPosiLimit" tid="0x00007309" comment="当前客户合约限仓" usage="sgInit">
    <field name="CurrClientPosiLimit" minOccur="1" maxOccur="*"/>
  </package>
  <package name="InitCurrClientPosiLimitDetail" tid="0x0000730A" comment="当前客户合约限仓的详细内容" usage="sgInit">
    <field name="CurrClientPosiLimitDetail" minOccur="1" maxOccur="*"/>
  </package>
  <package name="InitCurrSpecialPosiLimit" tid="0x0000730B" comment="当前特殊客户合约限仓" usage="sgInit">
    <field name="CurrSpecialPosiLimit" minOccur="1" maxOccur="*"/>
  </package>
  <package name="InitCurrSpecialPosiLimitDetail" tid="0x0000730C" comment="当前特殊客户合约限仓的详细内容" usage="sgInit">
    <field name="CurrSpecialPosiLimitDetail" minOccur="1" maxOccur="*"/>
  </package>
  <package name="InitCurrHedgeRule" tid="0x0000730D" comment="当前合约套期保值属性" usage="sgInit">
    <field name="CurrHedgeRule" minOccur="1" maxOccur="*"/>
  </package>
  <package name="InitCurrTradingSegmentAttr" tid="0x0000730E" comment="当前合约交易阶段属性" usage="sgInit">
    <field name="CurrTradingSegmentAttr" minOccur="1" maxOccur="*"/>
  </package>
  <package name="InitCurrFuse" tid="0x0000730F" comment="当前合约熔断属性" usage="sgInit">
    <field name="CurrFuse" minOccur="1" maxOccur="*"/>
  </package>
  <package name="InitTradingAccount" tid="0x00007401" comment="交易账户信息" usage="sgInit">
    <field name="TradingAccount" minOccur="1" maxOccur="*"/>
  </package>
  <package name="InitPartPosition" tid="0x00007402" comment="会员合约持仓" usage="sgInit">
    <field name="PartPosition" minOccur="1" maxOccur="*"/>
  </package>
  <package name="InitClientPosition" tid="0x00007403" comment="客户合约持仓" usage="sgInit">
    <field name="ClientPosition" minOccur="1" maxOccur="*"/>
  </package>
  <package name="InitHedgeVolume" tid="0x00007404" comment="保值额度量" usage="sgInit">
    <field name="HedgeVolume" minOccur="1" maxOccur="*"/>
  </package>
  <package name="InitRemainOrder" tid="0x00007405" comment="上日遗留报单" usage="sgInit">
    <field name="RemainOrder" minOccur="1" maxOccur="*"/>
  </package>
  <package name="InitMarketData" tid="0x00007407" comment="市场行情" usage="sgInit">
    <field name="MarketData" minOccur="1" maxOccur="*"/>
  </package>
  <package name="InitBaseReserveAccount" tid="0x0000740A" comment="基础准备金账户" usage="sgInit">
    <field name="BaseReserveAccount" minOccur="1" maxOccur="*"/>
  </package>
  <package name="InitPartClientProductRight" tid="0x0000740B" comment="交易编码产品交易权限" usage="sgInit">
    <field name="PartClientProductRight" minOccur="1" maxOccur="*"/>
  </package>
  <package name="InitPartClientInstrumentRight" tid="0x0000740C" comment="交易编码合约交易权限" usage="sgInit">
    <field name="PartClientInstrumentRight" minOccur="1" maxOccur="*"/>
  </package>
  <package name="ReqForQuote" tid="0x0000740D" comment="询价请求" usage="request">
    <field name="InputReqForQuote" minOccur="1" maxOccur="*"/>
  </package>
  <package name="RspForQuote" tid="0x0000740E" comment="询价应答" usage="response">
    <field name="InputReqForQuote" minOccur="1" maxOccur="*"/>
    <field name="RspInfo" minOccur="1" maxOccur="1"/>
  </package>
  <package name="InitMarketMakerQuoteRight" tid="0x0000740F" comment="做市商合约报价权限" usage="sgInit">
    <field name="MarketMakerQuoteRight" minOccur="1" maxOccur="*"/>
  </package>
  <package name="DbInsMarketMakerQuoteRight" tid="0x00007410" comment="增加做市商合约报价权限" usage="dbmt">
    <field name="DbmtMarketMakerQuoteRight" minOccur="1" maxOccur="*"/>
  </package>
  <package name="DbUpdMarketMakerQuoteRight" tid="0x00007411" comment="修改做市商合约报价权限" usage="dbmt">
    <field name="DbmtMarketMakerQuoteRight" minOccur="1" maxOccur="*"/>
  </package>
  <package name="DbDelMarketMakerQuoteRight" tid="0x00007412" comment="删除做市商合约报价权限" usage="dbmt">
    <field name="DbmtMarketMakerQuoteRight" minOccur="1" maxOccur="*"/>
  </package>
  <package name="InitPartClientMarginCombType" tid="0x00007413" comment="交易编码组合保证金类型" usage="sgInit">
    <field name="PartClientMarginCombType" minOccur="1" maxOccur="*"/>
  </package>
  <package name="InitInstrumentGroup" tid="0x00007414" comment="合约和合约组" usage="sgInit">
    <field name="InstrumentGroup" minOccur="1" maxOccur="*"/>
  </package>
  <package name="InitRealPriceBanding" tid="0x00007415" comment="价格波动带参数表" usage="sgInit">
    <field name="RealPriceBanding" minOccur="1" maxOccur="*"/>
  </package>
  <package name="InitBusinessConfig" tid="0x00007416" comment="业务参数表" usage="sgInit">
    <field name="BusinessConfig" minOccur="1" maxOccur="*"/>
  </package>
  <package name="InitExchange_Rate" tid="0x00007417" comment="汇率" usage="sgInit">
    <field name="Exchange_Rate" minOccur="1" maxOccur="*"/>
  </package>
  <package name="InitMarginCombinationLeg" tid="0x00007418" comment="组合保证金规则" usage="sgInit">
    <field name="MarginCombinationLeg" minOccur="1" maxOccur="*"/>
  </package>
  <package name="InitPartClientCombPosition" tid="0x00007419" comment="交易编码组合持仓" usage="sgInit">
    <field name="PartClientCombPosition" minOccur="1" maxOccur="*"/>
  </package>
  <package name="InitPartClientLegPosition" tid="0x0000741A" comment="交易编码单腿持仓" usage="sgInit">
    <field name="PartClientLegPosition" minOccur="1" maxOccur="*"/>
  </package>
  <package name="ReqPartClientComPsi" tid="0x0000741B" comment="组合持仓推送" usage="request">
    <field name="PartClientCombPosition" minOccur="1" maxOccur="1"/>
  </package>
  <package name="ReqMarginCombAction" tid="0x0000741C" comment="组合保证金请求" usage="request">
    <field name="MarginCombAction" minOccur="1" maxOccur="1"/>
  </package>
  <package name="RspMarginCombAction" tid="0x0000741D" comment="组合保证金应答" usage="request">
    <field name="MarginCombAction" minOccur="1" maxOccur="1"/>
    <field name="RspInfo" minOccur="1" maxOccur="1"/>
  </package>
  <package name="ReqQryPartClientCombPosition" tid="0x0000741E" comment="交易编码组合持仓查询请求" usage="request">
    <field name="QryPartClientCombPosition" minOccur="1" maxOccur="1"/>
  </package>
  <package name="RspQryPartClientCombPosition" tid="0x0000741F" comment="交易编码组合持仓查询应答" usage="response">
    <field name="PartClientCombPosition" minOccur="1" maxOccur="*"/>
    <field name="RspInfo" minOccur="1" maxOccur="1"/>
  </package>
  <package name="NtfMarginCombinationLeg" tid="0x00007420" comment="组合规则通知" usage="notifyOut">
    <field name="MarginCombinationLeg" minOccur="1" maxOccur="1"/>
  </package>
  <package name="ReqQryPartClientLegPosition" tid="0x00007422" comment="交易编码单腿持仓查询请求" usage="request">
    <field name="QryPartClientLegPosition" minOccur="1" maxOccur="1"/>
  </package>
  <package name="RspQryPartClientLegPosition" tid="0x00007423" comment="交易编码单腿持仓查询应答" usage="response">
    <field name="PartClientLegPosition" minOccur="1" maxOccur="*"/>
    <field name="RspInfo" minOccur="1" maxOccur="1"/>
  </package>
  <package name="ReqDumpMemTable" tid="0x00007424" comment="导出内存表请求" usage="request">
    <field name="DumpMemTable" minOccur="1" maxOccur="1"/>
  </package>
  <package name="RspDumpMemTable" tid="0x00007425" comment="导出内存表请求应答" usage="response">
    <field name="DumpMemTable" minOccur="1" maxOccur="1"/>
    <field name="RspInfo" minOccur="1" maxOccur="1"/>
  </package>
</packages>
