[info ] 2015-06-16 18:25:07: Print the configuration:
[info ] 2015-06-16 18:25:07: in_data_path = /root/data/CompLog.con
[info ] 2015-06-16 18:25:07: xtp_xml_path = packages.xml
[debug] 2015-06-16 18:25:07: open file /root/data/CompLog.con
[debug] 2015-06-16 18:25:07: reading package ID[0]
[debug] 2015-06-16 18:25:07: current package size: 83
[debug] 2015-06-16 18:25:07: Package Header
[debug] 2015-06-16 18:25:07: ------------------------------
[debug] 2015-06-16 18:25:07: Type: 0x50
[debug] 2015-06-16 18:25:07: Chain: 0x4c
[debug] 2015-06-16 18:25:07: FTType: 0x57
[debug] 2015-06-16 18:25:07: ContentLength: 15
[debug] 2015-06-16 18:25:07: SubjectID: 0x00011001
[debug] 2015-06-16 18:25:07: Tid: 0x00005002
[debug] 2015-06-16 18:25:07: CommPhaseNo: 0x00002e1c
[debug] 2015-06-16 18:25:07: SequenceNo: 0x00000001
[debug] 2015-06-16 18:25:07: FrontSeqNo: 0000000000
[debug] 2015-06-16 18:25:07: RequestID: 0000000000
[debug] 2015-06-16 18:25:07: SessionID: 0000000000
[debug] 2015-06-16 18:25:07: FrontID: 0
[debug] 2015-06-16 18:25:07: GroupID: 0x0000f57a
[debug] 2015-06-16 18:25:07: OldSubjectID: 0x00002000
[debug] 2015-06-16 18:25:07: ConvergenceID: 0x551ca81a
[debug] 2015-06-16 18:25:07: OldSequenceNo: 0x00000001
[debug] 2015-06-16 18:25:07: PubNodeID: 0x1102
[debug] 2015-06-16 18:25:07: RiskID: 0
[debug] 2015-06-16 18:25:07: MatchID: 0
[debug] 2015-06-16 18:25:07: ErrorID: 0
[debug] 2015-06-16 18:25:07: ------------------------------
[debug] 2015-06-16 18:25:07: [20120425]
[debug] 2015-06-16 18:25:07: [11804]
[debug] 2015-06-16 18:25:07: 
[debug] 2015-06-16 18:25:07: Packet Length: 83 ==>[68 + 15]
[debug] 2015-06-16 18:25:07: End Copying Raw Bytes For TID: 0x00005002
[debug] 2015-06-16 18:25:07: dfe_ip: 169.254.10.2, cpu_ip: 169.254.10.1, netmask:255.255.255.0,port: 45678
[debug] 2015-06-16 18:25:07: sizeof(frame_t): 13
[debug] 2015-06-16 18:25:07: Start to send 83 bytes data:
[debug] 2015-06-16 18:25:07: Finish sending data
[debug] 2015-06-16 18:25:07: reading package ID[1]
[debug] 2015-06-16 18:25:07: current package size: 90
[debug] 2015-06-16 18:25:07: Package Header
[debug] 2015-06-16 18:25:07: ------------------------------
[debug] 2015-06-16 18:25:07: Type: 0x50
[debug] 2015-06-16 18:25:07: Chain: 0x4c
[debug] 2015-06-16 18:25:07: FTType: 0x57
[debug] 2015-06-16 18:25:07: ContentLength: 22
[debug] 2015-06-16 18:25:07: SubjectID: 0x00011001
[debug] 2015-06-16 18:25:07: Tid: 0x00006001
[debug] 2015-06-16 18:25:07: CommPhaseNo: 0x00002e1c
[debug] 2015-06-16 18:25:07: SequenceNo: 0x00000003
[debug] 2015-06-16 18:25:07: FrontSeqNo: 0000000000
[debug] 2015-06-16 18:25:07: RequestID: 0000000000
[debug] 2015-06-16 18:25:07: SessionID: 0000000000
[debug] 2015-06-16 18:25:07: FrontID: 0
[debug] 2015-06-16 18:25:07: GroupID: 0x0000f57a
[debug] 2015-06-16 18:25:07: OldSubjectID: 0x00002000
[debug] 2015-06-16 18:25:07: ConvergenceID: 0x551ca81a
[debug] 2015-06-16 18:25:07: OldSequenceNo: 0x00000003
[debug] 2015-06-16 18:25:07: PubNodeID: 0x1102
[debug] 2015-06-16 18:25:07: RiskID: 0
[debug] 2015-06-16 18:25:07: MatchID: 0
[debug] 2015-06-16 18:25:07: ErrorID: 0
[debug] 2015-06-16 18:25:07: ------------------------------
[debug] 2015-06-16 18:25:07: [20120425]
[debug] 2015-06-16 18:25:07: [CFFEX]
[debug] 2015-06-16 18:25:07: 
[debug] 2015-06-16 18:25:07: Packet Length: 90 ==>[68 + 22]
[debug] 2015-06-16 18:25:07: End Copying Raw Bytes For TID: 0x00006001
[debug] 2015-06-16 18:25:07: dfe_ip: 169.254.10.2, cpu_ip: 169.254.10.1, netmask:255.255.255.0,port: 45678
[debug] 2015-06-16 18:25:07: sizeof(frame_t): 13
[debug] 2015-06-16 18:25:07: Start to send 90 bytes data:
[debug] 2015-06-16 18:25:07: Finish sending data
[debug] 2015-06-16 18:25:07: reading package ID[2868]
[debug] 2015-06-16 18:25:07: current package size: 90
[debug] 2015-06-16 18:25:07: Package Header
[debug] 2015-06-16 18:25:07: ------------------------------
[debug] 2015-06-16 18:25:07: Type: 0x50
[debug] 2015-06-16 18:25:07: Chain: 0x4c
[debug] 2015-06-16 18:25:07: FTType: 0x57
[debug] 2015-06-16 18:25:07: ContentLength: 22
[debug] 2015-06-16 18:25:07: SubjectID: 0x00011001
[debug] 2015-06-16 18:25:07: Tid: 0x00006002
[debug] 2015-06-16 18:25:07: CommPhaseNo: 0x00002e1c
[debug] 2015-06-16 18:25:07: SequenceNo: 0x00000b38
[debug] 2015-06-16 18:25:07: FrontSeqNo: 0000000000
[debug] 2015-06-16 18:25:07: RequestID: 0000000000
[debug] 2015-06-16 18:25:07: SessionID: 0000000000
[debug] 2015-06-16 18:25:07: FrontID: 0
[debug] 2015-06-16 18:25:07: GroupID: 0x0000f57a
[debug] 2015-06-16 18:25:07: OldSubjectID: 0x00002000
[debug] 2015-06-16 18:25:07: ConvergenceID: 0x551ca81a
[debug] 2015-06-16 18:25:07: OldSequenceNo: 0x00000b34
[debug] 2015-06-16 18:25:07: PubNodeID: 0x1102
[debug] 2015-06-16 18:25:07: RiskID: 0
[debug] 2015-06-16 18:25:07: MatchID: 0
[debug] 2015-06-16 18:25:07: ErrorID: 0
[debug] 2015-06-16 18:25:07: ------------------------------
[debug] 2015-06-16 18:25:07: [20120425]
[debug] 2015-06-16 18:25:07: [CFFEX]
[debug] 2015-06-16 18:25:07: 
[debug] 2015-06-16 18:25:07: Packet Length: 90 ==>[68 + 22]
[debug] 2015-06-16 18:25:07: End Copying Raw Bytes For TID: 0x00006002
[debug] 2015-06-16 18:25:07: dfe_ip: 169.254.10.2, cpu_ip: 169.254.10.1, netmask:255.255.255.0,port: 45678
[debug] 2015-06-16 18:25:07: sizeof(frame_t): 13
[debug] 2015-06-16 18:25:07: Start to send 90 bytes data:
[debug] 2015-06-16 18:25:07: Finish sending data
[debug] 2015-06-16 18:25:07: reading package ID[2869]
[debug] 2015-06-16 18:25:07: current package size: 371
[debug] 2015-06-16 18:25:07: Package Header
[debug] 2015-06-16 18:25:07: ------------------------------
[debug] 2015-06-16 18:25:07: Type: 0x50
[debug] 2015-06-16 18:25:07: Chain: 0x4c
[debug] 2015-06-16 18:25:07: FTType: 0x4d
[debug] 2015-06-16 18:25:07: ContentLength: 303
[debug] 2015-06-16 18:25:07: SubjectID: 0x00011001
[debug] 2015-06-16 18:25:07: Tid: 0x00005201
[debug] 2015-06-16 18:25:07: CommPhaseNo: 0x00002e1c
[debug] 2015-06-16 18:25:07: SequenceNo: 0x0000166e
[debug] 2015-06-16 18:25:07: FrontSeqNo: 0000000000
[debug] 2015-06-16 18:25:07: RequestID: 0000000000
[debug] 2015-06-16 18:25:07: SessionID: 0000000000
[debug] 2015-06-16 18:25:07: FrontID: 0
[debug] 2015-06-16 18:25:07: GroupID: 0x0000f57a
[debug] 2015-06-16 18:25:07: OldSubjectID: 0000000000
[debug] 2015-06-16 18:25:07: ConvergenceID: 0x551ca81a
[debug] 2015-06-16 18:25:07: OldSequenceNo: 0x00001071
[debug] 2015-06-16 18:25:07: PubNodeID: 0x1102
[debug] 2015-06-16 18:25:07: RiskID: 0
[debug] 2015-06-16 18:25:07: MatchID: 0
[debug] 2015-06-16 18:25:07: ErrorID: 0
[debug] 2015-06-16 18:25:07: ------------------------------
[debug] 2015-06-16 18:25:07: [20120425]
[debug] 2015-06-16 18:25:07: [SG01]
[debug] 2015-06-16 18:25:07: [1]
[debug] 2015-06-16 18:25:07: [         288]
[debug] 2015-06-16 18:25:07: [0002]
[debug] 2015-06-16 18:25:07: [01006272]
[debug] 2015-06-16 18:25:07: [000207]
[debug] 2015-06-16 18:25:07: [IF1205]
[debug] 2015-06-16 18:25:07: char in dec [50]
[debug] 2015-06-16 18:25:07: char in dec [49]
[debug] 2015-06-16 18:25:07: [0]
[debug] 2015-06-16 18:25:07: [1]
[debug] 2015-06-16 18:25:07: [2511]
[debug] 2015-06-16 18:25:07: [1]
[debug] 2015-06-16 18:25:07: char in dec [51]
[debug] 2015-06-16 18:25:07: []
[debug] 2015-06-16 18:25:07: char in dec [49]
[debug] 2015-06-16 18:25:07: [0]
[debug] 2015-06-16 18:25:07: char in dec [49]
[debug] 2015-06-16 18:25:07: [0]
[debug] 2015-06-16 18:25:07: char in dec [48]
[debug] 2015-06-16 18:25:07: [000000000288]
[debug] 2015-06-16 18:25:07: [0]
[debug] 2015-06-16 18:25:07: []
[debug] 2015-06-16 18:25:07: [112995]
[debug] 2015-06-16 18:25:07: char in dec [48]
[debug] 2015-06-16 18:25:07: char in dec [48]
[debug] 2015-06-16 18:25:07: char in dec [48]
[debug] 2015-06-16 18:25:07: [1]
[debug] 2015-06-16 18:25:07: [0]
[debug] 2015-06-16 18:25:07: [20120425]
[debug] 2015-06-16 18:25:07: [09:20:22]
[debug] 2015-06-16 18:25:07: []
[debug] 2015-06-16 18:25:07: []
[debug] 2015-06-16 18:25:07: []
[debug] 2015-06-16 18:25:07: []
[debug] 2015-06-16 18:25:07: [000207]
[debug] 2015-06-16 18:25:07: [0]
[debug] 2015-06-16 18:25:07: [288]
[debug] 2015-06-16 18:25:07: [0002]
[debug] 2015-06-16 18:25:07: 
[debug] 2015-06-16 18:25:07: Packet Length: 371 ==>[68 + 303]
[debug] 2015-06-16 18:25:07: End Copying Raw Bytes For TID: 0x00005201
[debug] 2015-06-16 18:25:07: dfe_ip: 169.254.10.2, cpu_ip: 169.254.10.1, netmask:255.255.255.0,port: 45678
[debug] 2015-06-16 18:25:07: sizeof(frame_t): 13
[debug] 2015-06-16 18:25:07: Start to send 371 bytes data:
[debug] 2015-06-16 18:25:07: Finish sending data
